build/outputs/logs/manifest-merger-debug-report.txt
-- Merging decision tree log ---
manifest
ADDED from src\main\AndroidManifest.xml:2:1-88:12
	package
		ADDED from src\main\AndroidManifest.xml:3:5-35
		INJECTED from src\main\AndroidManifest.xml
		INJECTED from src\main\AndroidManifest.xml
	android:versionName
		INJECTED from src\main\AndroidManifest.xml
		INJECTED from src\main\AndroidManifest.xml
	xmlns:android
		ADDED from src\main\AndroidManifest.xml:2:11-69
	android:versionCode
		INJECTED from src\main\AndroidManifest.xml
		INJECTED from src\main\AndroidManifest.xml
uses-permission#android.permission.INTERNET
ADDED from src\main\AndroidManifest.xml:5:5-67
	android:name
		ADDED from src\main\AndroidManifest.xml:5:22-64
uses-permission#android.permission.ACCESS_NETWORK_STATE
ADDED from src\main\AndroidManifest.xml:6:5-79
	android:name
		ADDED from src\main\AndroidManifest.xml:6:22-76
uses-permission#android.permission.ACCESS_COARSE_LOCATION
ADDED from src\main\AndroidManifest.xml:7:5-81
	android:name
		ADDED from src\main\AndroidManifest.xml:7:22-78
uses-permission#android.permission.ACCESS_FINE_LOCATION
ADDED from src\main\AndroidManifest.xml:8:5-79
	android:name
		ADDED from src\main\AndroidManifest.xml:8:22-76
uses-permission#android.permission.RECEIVE_BOOT_COMPLETED
ADDED from src\main\AndroidManifest.xml:9:5-81
	android:name
		ADDED from src\main\AndroidManifest.xml:9:22-78
application
ADDED from src\main\AndroidManifest.xml:11:5-86:19
MERGED from [com.android.support:cardview-v7:23.1.1] AndroidManifest.xml:22:5-20
MERGED from [com.android.support:design:23.3.0] AndroidManifest.xml:22:5-20
MERGED from [com.android.support:appcompat-v7:23.3.0] AndroidManifest.xml:25:5-20
MERGED from [com.android.support:support-vector-drawable:23.3.0] AndroidManifest.xml:7:5-20
MERGED from [com.android.support:support-v4:23.3.0] AndroidManifest.xml:22:5-20
MERGED from [com.android.support:animated-vector-drawable:23.3.0] AndroidManifest.xml:7:5-20
	android:label
		ADDED from src\main\AndroidManifest.xml:14:9-41
	android:supportsRtl
		ADDED from src\main\AndroidManifest.xml:15:9-35
	android:allowBackup
		ADDED from src\main\AndroidManifest.xml:12:9-35
	android:icon
		ADDED from src\main\AndroidManifest.xml:13:9-43
activity#dz.ummto.weatherplus.activities.MainActivity
ADDED from src\main\AndroidManifest.xml:16:9-25:20
	android:label
		ADDED from src\main\AndroidManifest.xml:18:13-45
	android:theme
		ADDED from src\main\AndroidManifest.xml:19:13-56
	android:name
		ADDED from src\main\AndroidManifest.xml:17:13-52
intent-filter#android.intent.action.MAIN+android.intent.category.LAUNCHER
ADDED from src\main\AndroidManifest.xml:20:13-24:29
action#android.intent.action.MAIN
ADDED from src\main\AndroidManifest.xml:21:17-69
	android:name
		ADDED from src\main\AndroidManifest.xml:21:25-66
category#android.intent.category.LAUNCHER
ADDED from src\main\AndroidManifest.xml:23:17-77
	android:name
		ADDED from src\main\AndroidManifest.xml:23:27-74
activity#dz.ummto.weatherplus.activities.SettingsActivity
ADDED from src\main\AndroidManifest.xml:26:9-28:47
	android:theme
		ADDED from src\main\AndroidManifest.xml:28:13-44
	android:name
		ADDED from src\main\AndroidManifest.xml:27:13-56
receiver#dz.ummto.weatherplus.widgets.ExtensiveWidgetProvider
ADDED from src\main\AndroidManifest.xml:30:9-38:20
	android:name
		ADDED from src\main\AndroidManifest.xml:30:19-66
intent-filter#android.appwidget.action.APPWIDGET_UPDATE
ADDED from src\main\AndroidManifest.xml:31:13-33:29
action#android.appwidget.action.APPWIDGET_UPDATE
ADDED from src\main\AndroidManifest.xml:32:17-84
	android:name
		ADDED from src\main\AndroidManifest.xml:32:25-81
meta-data#android.appwidget.provider
ADDED from src\main\AndroidManifest.xml:35:13-37:60
	android:resource
		ADDED from src\main\AndroidManifest.xml:37:17-57
	android:name
		ADDED from src\main\AndroidManifest.xml:36:17-58
receiver#dz.ummto.weatherplus.widgets.TimeWidgetProvider
ADDED from src\main\AndroidManifest.xml:39:9-47:20
	android:name
		ADDED from src\main\AndroidManifest.xml:39:19-61
service#dz.ummto.weatherplus.widgets.DashClockWeatherExtension
ADDED from src\main\AndroidManifest.xml:49:9-67:19
	android:label
		ADDED from src\main\AndroidManifest.xml:52:13-45
	android:permission
		ADDED from src\main\AndroidManifest.xml:53:13-98
	android:icon
		ADDED from src\main\AndroidManifest.xml:51:13-57
	android:name
		ADDED from src\main\AndroidManifest.xml:50:13-62
intent-filter#com.google.android.apps.dashclock.Extension
ADDED from src\main\AndroidManifest.xml:54:13-56:29
action#com.google.android.apps.dashclock.Extension
ADDED from src\main\AndroidManifest.xml:55:17-86
	android:name
		ADDED from src\main\AndroidManifest.xml:55:25-83
meta-data#protocolVersion
ADDED from src\main\AndroidManifest.xml:58:13-60:37
	android:value
		ADDED from src\main\AndroidManifest.xml:60:17-34
	android:name
		ADDED from src\main\AndroidManifest.xml:59:17-47
meta-data#worldReadable
ADDED from src\main\AndroidManifest.xml:61:13-63:40
	android:value
		ADDED from src\main\AndroidManifest.xml:63:17-37
	android:name
		ADDED from src\main\AndroidManifest.xml:62:17-45
meta-data#settingsActivity
ADDED from src\main\AndroidManifest.xml:64:13-66:60
	android:value
		ADDED from src\main\AndroidManifest.xml:66:17-57
	android:name
		ADDED from src\main\AndroidManifest.xml:65:17-48
receiver#dz.ummto.weatherplus.AlarmReceiver
ADDED from src\main\AndroidManifest.xml:69:9-74:20
	android:name
		ADDED from src\main\AndroidManifest.xml:69:19-48
intent-filter#android.intent.action.BOOT_COMPLETED+android.net.conn.CONNECTIVITY_CHANGE
ADDED from src\main\AndroidManifest.xml:70:13-73:29
action#android.intent.action.BOOT_COMPLETED
ADDED from src\main\AndroidManifest.xml:71:17-79
	android:name
		ADDED from src\main\AndroidManifest.xml:71:25-76
action#android.net.conn.CONNECTIVITY_CHANGE
ADDED from src\main\AndroidManifest.xml:72:17-79
	android:name
		ADDED from src\main\AndroidManifest.xml:72:25-76
activity#dz.ummto.weatherplus.activities.MapActivity
ADDED from src\main\AndroidManifest.xml:76:9-79:59
	android:parentActivityName
		ADDED from src\main\AndroidManifest.xml:78:13-66
	android:theme
		ADDED from src\main\AndroidManifest.xml:79:13-56
	android:name
		ADDED from src\main\AndroidManifest.xml:77:13-51
activity#dz.ummto.weatherplus.activities.GraphActivity
ADDED from src\main\AndroidManifest.xml:81:9-85:59
	android:label
		ADDED from src\main\AndroidManifest.xml:83:13-50
	android:parentActivityName
		ADDED from src\main\AndroidManifest.xml:84:13-66
	android:theme
		ADDED from src\main\AndroidManifest.xml:85:13-56
	android:name
		ADDED from src\main\AndroidManifest.xml:82:13-53
uses-sdk
INJECTED from src\main\AndroidManifest.xml reason: use-sdk injection requested
MERGED from [com.android.support:cardview-v7:23.1.1] AndroidManifest.xml:20:5-43
MERGED from [com.roughike:bottom-bar:1.4.0.1] AndroidManifest.xml:8:5-10:41
MERGED from [com.android.support:design:23.3.0] AndroidManifest.xml:20:5-43
MERGED from [com.android.support:appcompat-v7:23.3.0] AndroidManifest.xml:21:5-23:78
MERGED from [com.android.support:support-vector-drawable:23.3.0] AndroidManifest.xml:5:5-43
MERGED from [com.android.support:support-v4:23.3.0] AndroidManifest.xml:20:5-43
MERGED from [com.android.support:animated-vector-drawable:23.3.0] AndroidManifest.xml:5:5-44
MERGED from [com.android.support:recyclerview-v7:23.3.0] AndroidManifest.xml:20:5-43
MERGED from [com.diogobernardino:williamchart:2.2] AndroidManifest.xml:6:5-8:41
	tools:overrideLibrary
		ADDED from [com.android.support:appcompat-v7:23.3.0] AndroidManifest.xml:23:9-75
	android:targetSdkVersion
		INJECTED from src\main\AndroidManifest.xml
		INJECTED from src\main\AndroidManifest.xml
	android:minSdkVersion
		INJECTED from src\main\AndroidManifest.xml
		INJECTED from src\main\AndroidManifest.xml